[[1]]
[[(1, 1, 1, 1)]]
{(1, 1, 1, 1): 1}
[[9]]
[[(1, 0, 4, 2)]]
{(1, 0, 4, 2): 1}
[[0, 1, 1], [1, 11], [11]]
[[(0, 0, 0, 0), (1, 1, 1, 1), (1, 1, 1, 1)], [(1, 1, 1, 1), (1, 2, 1, 4)], [(1, 2, 1, 4)]]
left expr: 0
{(0, 0, 0, 0): 1}
right expr: 11
{(0, 2, 2, 2): 1, (0, 0, 0, 0): 1, (1, 2, 1, 4): 1}
sum set: {(0, 2, 2, 2): 1, (0, 0, 0, 0): 1, (1, 2, 1, 4): 1}
diff set: {(0, 0, 0, 0): 1, (0, 1, 3, 5): 1, (1, 1, 4, 3): 1}
set: {(0, 2, 2, 2): 1, (0, 0, 0, 0): 2, (0, 1, 3, 5): 1, (1, 1, 4, 3): 1, (1, 2, 1, 4): 2}
left expr: 1
{(1, 1, 1, 1): 1}
right expr: 1
{(1, 1, 1, 1): 1}
sum set: {(0, 2, 2, 2): 1}
diff set: {(0, 0, 0, 0): 1}
set: {(0, 2, 2, 2): 2, (0, 0, 0, 0): 3, (0, 1, 3, 5): 1, (1, 1, 4, 3): 1, (1, 2, 1, 4): 2}
{(0, 2, 2, 2): 2, (0, 0, 0, 0): 3, (0, 1, 3, 5): 1, (1, 1, 4, 3): 1, (1, 2, 1, 4): 2}
[[1, 2, 3, 4, 5], [12, 23, 34, 45], [123, 234, 345], [1234, 2345], [12345]]
[[(1, 1, 1, 1), (0, 2, 2, 2), (1, 0, 3, 3), (0, 1, 4, 4), (1, 2, 0, 5)], [(0, 0, 2, 5), (1, 2, 3, 2), (0, 1, 4, 6), (1, 0, 0, 3)], [(1, 0, 3, 4), (0, 0, 4, 3), (1, 0, 0, 2)], [(0, 1, 4, 2), (1, 2, 0, 0)], [(1, 0, 0, 4)]]
left expr: 3
{(1, 0, 3, 3): 1}
right expr: 45
{(1, 0, 4, 2): 1, (1, 2, 4, 6): 1, (1, 0, 0, 3): 1}
sum set: {(0, 2, 2, 2): 1, (0, 0, 3, 6): 1, (0, 0, 2, 5): 1}
diff set: {(0, 0, 3, 0): 1, (0, 1, 4, 4): 1, (0, 0, 4, 1): 1}
set: {(0, 2, 2, 2): 1, (0, 0, 3, 0): 1, (0, 1, 4, 4): 1, (0, 0, 4, 1): 1, (1, 0, 0, 2): 1, (0, 0, 3, 6): 1, (0, 0, 2, 5): 1}
left expr: 34
{(0, 1, 4, 6): 1}
right expr: 5
{(1, 2, 0, 5): 1}
sum set: {(1, 0, 4, 4): 1}
diff set: {(1, 2, 4, 1): 1}
set: {(0, 2, 2, 2): 1, (1, 2, 4, 1): 1, (0, 0, 3, 0): 1, (0, 1, 4, 4): 1, (0, 0, 4, 1): 1, (1, 0, 4, 4): 1, (1, 0, 0, 2): 1, (0, 0, 3, 6): 1, (0, 0, 2, 5): 1}
left expr: 3
{(1, 0, 3, 3): 1}
right expr: 45
{(1, 0, 4, 2): 1, (1, 2, 4, 6): 1, (1, 0, 0, 3): 1}
sum set: {(0, 2, 2, 2): 1, (0, 0, 3, 6): 1, (0, 0, 2, 5): 1}
diff set: {(0, 0, 3, 0): 1, (0, 1, 4, 4): 1, (0, 0, 4, 1): 1}
set: {(0, 2, 2, 2): 1, (0, 0, 3, 0): 1, (0, 1, 4, 4): 1, (0, 0, 4, 1): 1, (1, 0, 0, 2): 1, (0, 0, 3, 6): 1, (0, 0, 2, 5): 1}
left expr: 34
{(0, 1, 4, 6): 1}
right expr: 5
{(1, 2, 0, 5): 1}
sum set: {(1, 0, 4, 4): 1}
diff set: {(1, 2, 4, 1): 1}
set: {(0, 2, 2, 2): 1, (1, 2, 4, 1): 1, (0, 0, 3, 0): 1, (0, 1, 4, 4): 1, (0, 0, 4, 1): 1, (1, 0, 4, 4): 1, (1, 0, 0, 2): 1, (0, 0, 3, 6): 1, (0, 0, 2, 5): 1}
{(0, 1, 1, 2): 1, (1, 0, 4, 2): 1, (1, 2, 4, 6): 1, (0, 2, 3, 3): 1, (1, 0, 3, 5): 1, (0, 0, 3, 4): 1, (1, 2, 3, 0): 1, (0, 2, 3, 1): 1, (0, 0, 3, 1): 2, (0, 2, 2, 4): 1, (0, 0, 2, 3): 1, (1, 2, 1, 0): 1, (0, 2, 4, 0): 1, (0, 0, 1, 1): 1, (0, 0, 4, 5): 1, (1, 0, 1, 2): 2, (1, 2, 1, 6): 2, (0, 0, 0, 2): 1, (1, 2, 0, 5): 2, (0, 1, 0, 3): 1, (1, 1, 2, 5): 1, (0, 0, 3, 5): 1, (1, 0, 3, 1): 1, (1, 0, 2, 4): 2, (1, 0, 4, 0): 3, (0, 0, 4, 6): 2, (1, 2, 3, 3): 1, (0, 2, 2, 0): 1, (0, 1, 4, 5): 1, (0, 0, 2, 6): 1, (0, 2, 2, 3): 1, (0, 2, 4, 4): 1, (0, 0, 0, 4): 1, (1, 1, 0, 2): 1, (1, 0, 0, 3): 1, (0, 0, 1, 6): 1, (1, 1, 0, 4): 1, (0, 0, 0, 0): 1, (0, 1, 3, 0): 1, (0, 2, 1, 1): 1, (1, 0, 2, 0): 1, (1, 1, 1, 1): 2, (1, 2, 2, 5): 1, (1, 2, 4, 4): 2, (0, 2, 0, 6): 1, (1, 0, 3, 3): 1, (0, 0, 3, 0): 1, (1, 1, 3, 4): 1, (1, 2, 3, 2): 2, (1, 0, 4, 6): 1, (1, 0, 2, 3): 1, (0, 0, 4, 2): 1, (0, 0, 4, 3): 1, (0, 0, 0, 5): 2, (1, 0, 0, 4): 2, (0, 0, 2, 0): 1, (1, 2, 2, 1): 2, (0, 2, 4, 1): 1, (1, 0, 0, 1): 2, (1, 2, 1, 4): 1, (0, 1, 4, 2): 1, (1, 0, 1, 3): 1, (1, 1, 2, 0): 1, (1, 2, 2, 6): 1, (0, 2, 0, 2): 1, (1, 0, 1, 5): 1}
